<?xml version="1.0" encoding="UTF-8"?>
<!-- Generated by org.testng.reporters.JUnitReportReporter -->
<testsuite skipped="0" hostname="192.168.111.133" name="io.renren.modules.cases.service.CaseService" tests="9" failures="0" timestamp="02 Jun 2020 09:34:03 GMT" time="0.001" errors="0">
  <testcase name="test3" time="0.000" classname="io.renren.modules.cases.service.CaseService"/>
  <testcase name="test3" time="0.000" classname="io.renren.modules.cases.service.CaseService"/>
  <testcase name="test3" time="0.000" classname="io.renren.modules.cases.service.CaseService"/>
  <testcase name="test3" time="0.000" classname="io.renren.modules.cases.service.CaseService"/>
  <testcase name="test3" time="0.000" classname="io.renren.modules.cases.service.CaseService"/>
  <testcase name="test3" time="0.000" classname="io.renren.modules.cases.service.CaseService"/>
  <testcase name="test3" time="0.000" classname="io.renren.modules.cases.service.CaseService"/>
  <testcase name="test3" time="0.001" classname="io.renren.modules.cases.service.CaseService"/>
  <testcase name="test3" time="0.000" classname="io.renren.modules.cases.service.CaseService"/>
</testsuite> <!-- io.renren.modules.cases.service.CaseService -->
